Arguments: 
  C:\Program Files\nodejs\node.exe C:\Users\HP\AppData\Roaming\npm\node_modules\yarn\bin\yarn.js install

PATH: 
  C:\Program Files (x86)\Common Files\Oracle\Java\javapath;C:\ProgramData\Oracle\Java\javapath;C:\WINDOWS\system32;C:\WINDOWS;C:\WINDOWS\System32\Wbem;C:\WINDOWS\System32\WindowsPowerShell\v1.0\;C:\WINDOWS\System32\OpenSSH\;C:\Program Files\Git\cmd;C:\Program Files\Git\mingw64\bin;C:\Program Files\Git\usr\bin;C:\OSPanel\modules\php\PHP-7.0-x64\php.exe;C:\ProgramData\chocolatey\bin;C:\Program Files\MongoDB\Server\4.2\bin;C:\Users\HP\AppData\Roaming\nvm;C:\Program Files\nodejs;C:\Program Files\PuTTY\;C:\Program Files\nodejs\;C:\Users\HP\.windows-build-tools\python27\;C:\Users\HP\.windows-build-tools\python27\;C:\Ruby25-x64\bin;C:\Users\HP\AppData\Local\Microsoft\WindowsApps;C:\Users\HP\AppData\Local\Programs\Microsoft VS Code\bin;C:\Program Files\heroku\bin;C:\Users\HP\AppData\Roaming\nvm;C:\Program Files\nodejs;C:\Users\HP\AppData\Roaming\npm;C:\xampp\php;C:\bin;

Yarn version: 
  1.21.1

Node version: 
  14.9.0

Platform: 
  win32 x64

Trace: 
  SyntaxError: C:\Users\HP\Desktop\react-market\server\package.json: Unexpected token , in JSON at position 981
      at JSON.parse (<anonymous>)
      at C:\Users\HP\AppData\Roaming\npm\node_modules\yarn\lib\cli.js:1625:59
      at Generator.next (<anonymous>)
      at step (C:\Users\HP\AppData\Roaming\npm\node_modules\yarn\lib\cli.js:310:30)
      at C:\Users\HP\AppData\Roaming\npm\node_modules\yarn\lib\cli.js:321:13

npm manifest: 
  {
    "name": "server",
    "version": "1.0.0",
    "description": "",
    "main": "index.js",
    "scripts": {
      "test": "echo \"Error: no test specified\" && exit 1"
    },
    "author": "",
    "license": "ISC",
    "dependencies": {
      "body-parser": "^1.19.0",
      "dotenv": "^8.2.0",
      "express": "^4.17.1",
      "express-validator": "^6.6.1",
      "jsonwebtoken": "^8.5.1",
      "mongoose": "^5.10.7",
      "nodemailer": "^6.4.11",
      "nodemon": "^2.0.4",
      "passport": "^0.4.1",
      "passport-jwt": "^4.0.0",
      "passport-local": "^1.0.0",
      "ts-node": "^9.0.0",
      "typescript": "^4.0.3"
    },
    "devDependencies": {
      "@types/express": "^4.17.8",
      "@types/jsonwebtoken": "^8.5.0",
      "@types/mongoose": "^5.7.36",
      "@types/nodemailer": "^6.4.0",
      "@types/passport": "^1.0.4",
      "@types/passport-jwt": "^3.0.3",
      "@types/passport-local": "^1.0.33"
    },
    "scripts": {
      "start": "node dist/server.js",
      "dev": "ts-node server.ts",
      "nodemon": "nodemon"
    }
  },

yarn manifest: 
  No manifest

Lockfile: 
  No lockfile
